<?xml version="1.0" encoding="UTF-8"?>
<coverage generated="1716417496152" clover="3.2.0">
  <project timestamp="1716417496152" name="All files">
    <metrics statements="39" coveredstatements="34" conditionals="10" coveredconditionals="5" methods="9" coveredmethods="9" elements="58" coveredelements="48" complexity="0" loc="39" ncloc="39" packages="1" files="1" classes="1"/>
    <file name="app.js" path="/Users/nikitasolovev/Desktop/prototype/prototype/src/app.js">
      <metrics statements="39" coveredstatements="34" conditionals="10" coveredconditionals="5" methods="9" coveredmethods="9"/>
      <line num="3" count="14" type="cond" truecount="1" falsecount="1"/>
      <line num="4" count="0" type="stmt"/>
      <line num="7" count="14" type="cond" truecount="1" falsecount="1"/>
      <line num="8" count="0" type="stmt"/>
      <line num="11" count="14" type="cond" truecount="1" falsecount="1"/>
      <line num="12" count="0" type="stmt"/>
      <line num="15" count="14" type="stmt"/>
      <line num="16" count="14" type="stmt"/>
      <line num="17" count="14" type="stmt"/>
      <line num="18" count="14" type="stmt"/>
      <line num="19" count="14" type="stmt"/>
      <line num="20" count="14" type="stmt"/>
      <line num="24" count="1" type="cond" truecount="1" falsecount="1"/>
      <line num="25" count="1" type="stmt"/>
      <line num="26" count="1" type="stmt"/>
      <line num="27" count="1" type="stmt"/>
      <line num="28" count="1" type="stmt"/>
      <line num="30" count="0" type="stmt"/>
      <line num="35" count="1" type="cond" truecount="1" falsecount="1"/>
      <line num="36" count="1" type="stmt"/>
      <line num="38" count="0" type="stmt"/>
      <line num="46" count="1" type="stmt"/>
      <line num="47" count="1" type="stmt"/>
      <line num="48" count="1" type="stmt"/>
      <line num="54" count="1" type="stmt"/>
      <line num="55" count="1" type="stmt"/>
      <line num="56" count="1" type="stmt"/>
      <line num="62" count="1" type="stmt"/>
      <line num="63" count="1" type="stmt"/>
      <line num="64" count="1" type="stmt"/>
      <line num="70" count="1" type="stmt"/>
      <line num="71" count="1" type="stmt"/>
      <line num="72" count="1" type="stmt"/>
      <line num="78" count="1" type="stmt"/>
      <line num="79" count="1" type="stmt"/>
      <line num="80" count="1" type="stmt"/>
      <line num="86" count="1" type="stmt"/>
      <line num="87" count="1" type="stmt"/>
      <line num="88" count="1" type="stmt"/>
    </file>
  </project>
</coverage>
