{"/Users/nikitasolovev/Desktop/prototype/prototype/src/app.js": {"path":"/Users/nikitasolovev/Desktop/prototype/prototype/src/app.js","statementMap":{"0":{"start":{"line":3,"column":4},"end":{"line":5,"column":5}},"1":{"start":{"line":4,"column":6},"end":{"line":4,"column":43}},"2":{"start":{"line":6,"column":4},"end":{"line":8,"column":5}},"3":{"start":{"line":7,"column":6},"end":{"line":7,"column":42}},"4":{"start":{"line":9,"column":4},"end":{"line":11,"column":5}},"5":{"start":{"line":10,"column":6},"end":{"line":10,"column":45}},"6":{"start":{"line":12,"column":4},"end":{"line":12,"column":21}},"7":{"start":{"line":13,"column":4},"end":{"line":13,"column":21}},"8":{"start":{"line":14,"column":4},"end":{"line":14,"column":22}},"9":{"start":{"line":15,"column":4},"end":{"line":15,"column":19}},"10":{"start":{"line":16,"column":4},"end":{"line":16,"column":20}},"11":{"start":{"line":17,"column":4},"end":{"line":17,"column":21}},"12":{"start":{"line":20,"column":6},"end":{"line":25,"column":7}},"13":{"start":{"line":21,"column":8},"end":{"line":21,"column":24}},"14":{"start":{"line":22,"column":8},"end":{"line":22,"column":41}},"15":{"start":{"line":23,"column":8},"end":{"line":23,"column":43}},"16":{"start":{"line":24,"column":8},"end":{"line":24,"column":26}},"17":{"start":{"line":28,"column":6},"end":{"line":32,"column":7}},"18":{"start":{"line":29,"column":8},"end":{"line":29,"column":57}},"19":{"start":{"line":31,"column":8},"end":{"line":31,"column":45}},"20":{"start":{"line":38,"column":4},"end":{"line":38,"column":22}},"21":{"start":{"line":39,"column":4},"end":{"line":39,"column":21}},"22":{"start":{"line":40,"column":4},"end":{"line":40,"column":22}},"23":{"start":{"line":45,"column":4},"end":{"line":45,"column":22}},"24":{"start":{"line":46,"column":4},"end":{"line":46,"column":21}},"25":{"start":{"line":47,"column":4},"end":{"line":47,"column":22}},"26":{"start":{"line":52,"column":4},"end":{"line":52,"column":22}},"27":{"start":{"line":53,"column":4},"end":{"line":53,"column":21}},"28":{"start":{"line":54,"column":4},"end":{"line":54,"column":22}},"29":{"start":{"line":59,"column":4},"end":{"line":59,"column":22}},"30":{"start":{"line":60,"column":4},"end":{"line":60,"column":21}},"31":{"start":{"line":61,"column":4},"end":{"line":61,"column":22}},"32":{"start":{"line":66,"column":4},"end":{"line":66,"column":22}},"33":{"start":{"line":67,"column":4},"end":{"line":67,"column":21}},"34":{"start":{"line":68,"column":4},"end":{"line":68,"column":22}},"35":{"start":{"line":73,"column":4},"end":{"line":73,"column":22}},"36":{"start":{"line":74,"column":4},"end":{"line":74,"column":21}},"37":{"start":{"line":75,"column":4},"end":{"line":75,"column":22}}},"fnMap":{"0":{"name":"(anonymous_0)","decl":{"start":{"line":2,"column":2},"end":{"line":2,"column":3}},"loc":{"start":{"line":2,"column":26},"end":{"line":34,"column":3}},"line":2},"1":{"name":"levelUp","decl":{"start":{"line":19,"column":13},"end":{"line":19,"column":20}},"loc":{"start":{"line":19,"column":23},"end":{"line":26,"column":5}},"line":19},"2":{"name":"damage","decl":{"start":{"line":27,"column":13},"end":{"line":27,"column":19}},"loc":{"start":{"line":27,"column":28},"end":{"line":33,"column":5}},"line":27},"3":{"name":"(anonymous_3)","decl":{"start":{"line":37,"column":2},"end":{"line":37,"column":3}},"loc":{"start":{"line":37,"column":26},"end":{"line":41,"column":3}},"line":37},"4":{"name":"(anonymous_4)","decl":{"start":{"line":44,"column":2},"end":{"line":44,"column":3}},"loc":{"start":{"line":44,"column":26},"end":{"line":48,"column":3}},"line":44},"5":{"name":"(anonymous_5)","decl":{"start":{"line":51,"column":2},"end":{"line":51,"column":3}},"loc":{"start":{"line":51,"column":26},"end":{"line":55,"column":3}},"line":51},"6":{"name":"(anonymous_6)","decl":{"start":{"line":58,"column":2},"end":{"line":58,"column":3}},"loc":{"start":{"line":58,"column":26},"end":{"line":62,"column":3}},"line":58},"7":{"name":"(anonymous_7)","decl":{"start":{"line":65,"column":2},"end":{"line":65,"column":3}},"loc":{"start":{"line":65,"column":26},"end":{"line":69,"column":3}},"line":65},"8":{"name":"(anonymous_8)","decl":{"start":{"line":72,"column":2},"end":{"line":72,"column":3}},"loc":{"start":{"line":72,"column":26},"end":{"line":76,"column":3}},"line":72}},"branchMap":{"0":{"loc":{"start":{"line":3,"column":4},"end":{"line":5,"column":5}},"type":"if","locations":[{"start":{"line":3,"column":4},"end":{"line":5,"column":5}},{"start":{},"end":{}}],"line":3},"1":{"loc":{"start":{"line":6,"column":4},"end":{"line":8,"column":5}},"type":"if","locations":[{"start":{"line":6,"column":4},"end":{"line":8,"column":5}},{"start":{},"end":{}}],"line":6},"2":{"loc":{"start":{"line":9,"column":4},"end":{"line":11,"column":5}},"type":"if","locations":[{"start":{"line":9,"column":4},"end":{"line":11,"column":5}},{"start":{},"end":{}}],"line":9},"3":{"loc":{"start":{"line":9,"column":8},"end":{"line":9,"column":135}},"type":"binary-expr","locations":[{"start":{"line":9,"column":8},"end":{"line":9,"column":25}},{"start":{"line":9,"column":29},"end":{"line":9,"column":49}},{"start":{"line":9,"column":53},"end":{"line":9,"column":72}},{"start":{"line":9,"column":76},"end":{"line":9,"column":93}},{"start":{"line":9,"column":97},"end":{"line":9,"column":114}},{"start":{"line":9,"column":118},"end":{"line":9,"column":135}}],"line":9},"4":{"loc":{"start":{"line":20,"column":6},"end":{"line":25,"column":7}},"type":"if","locations":[{"start":{"line":20,"column":6},"end":{"line":25,"column":7}},{"start":{},"end":{}}],"line":20},"5":{"loc":{"start":{"line":28,"column":6},"end":{"line":32,"column":7}},"type":"if","locations":[{"start":{"line":28,"column":6},"end":{"line":32,"column":7}},{"start":{"line":30,"column":13},"end":{"line":32,"column":7}}],"line":28}},"s":{"0":12,"1":0,"2":12,"3":0,"4":12,"5":0,"6":12,"7":12,"8":12,"9":12,"10":12,"11":12,"12":0,"13":0,"14":0,"15":0,"16":0,"17":0,"18":0,"19":0,"20":1,"21":1,"22":1,"23":1,"24":1,"25":1,"26":1,"27":1,"28":1,"29":1,"30":1,"31":1,"32":1,"33":1,"34":1,"35":1,"36":1,"37":1},"f":{"0":12,"1":0,"2":0,"3":1,"4":1,"5":1,"6":1,"7":1,"8":1},"b":{"0":[0,12],"1":[0,12],"2":[0,12],"3":[12,10,8,6,4,2],"4":[0,0],"5":[0,0]},"_coverageSchema":"1a1c01bbd47fc00a2c39e90264f33305004495a9","hash":"464534415e76968b3d10c05ec3439ad650911be8"}
}
