TN:
SF:src/app.js
FN:2,(anonymous_0)
FN:19,levelUp
FN:27,damage
FN:37,(anonymous_3)
FN:44,(anonymous_4)
FN:51,(anonymous_5)
FN:58,(anonymous_6)
FN:65,(anonymous_7)
FN:72,(anonymous_8)
FNF:9
FNH:7
FNDA:12,(anonymous_0)
FNDA:0,levelUp
FNDA:0,damage
FNDA:1,(anonymous_3)
FNDA:1,(anonymous_4)
FNDA:1,(anonymous_5)
FNDA:1,(anonymous_6)
FNDA:1,(anonymous_7)
FNDA:1,(anonymous_8)
DA:3,12
DA:4,0
DA:6,12
DA:7,0
DA:9,12
DA:10,0
DA:12,12
DA:13,12
DA:14,12
DA:15,12
DA:16,12
DA:17,12
DA:20,0
DA:21,0
DA:22,0
DA:23,0
DA:24,0
DA:28,0
DA:29,0
DA:31,0
DA:38,1
DA:39,1
DA:40,1
DA:45,1
DA:46,1
DA:47,1
DA:52,1
DA:53,1
DA:54,1
DA:59,1
DA:60,1
DA:61,1
DA:66,1
DA:67,1
DA:68,1
DA:73,1
DA:74,1
DA:75,1
LF:38
LH:27
BRDA:3,0,0,0
BRDA:3,0,1,12
BRDA:6,1,0,0
BRDA:6,1,1,12
BRDA:9,2,0,0
BRDA:9,2,1,12
BRDA:9,3,0,12
BRDA:9,3,1,10
BRDA:9,3,2,8
BRDA:9,3,3,6
BRDA:9,3,4,4
BRDA:9,3,5,2
BRDA:20,4,0,0
BRDA:20,4,1,0
BRDA:28,5,0,0
BRDA:28,5,1,0
BRF:16
BRH:9
end_of_record
