TN:
SF:src/app.js
FN:2,(anonymous_0)
FN:23,(anonymous_1)
FN:34,(anonymous_2)
FN:45,(anonymous_3)
FN:53,(anonymous_4)
FN:61,(anonymous_5)
FN:69,(anonymous_6)
FN:77,(anonymous_7)
FN:85,(anonymous_8)
FNF:9
FNH:9
FNDA:14,(anonymous_0)
FNDA:1,(anonymous_1)
FNDA:1,(anonymous_2)
FNDA:1,(anonymous_3)
FNDA:1,(anonymous_4)
FNDA:1,(anonymous_5)
FNDA:1,(anonymous_6)
FNDA:1,(anonymous_7)
FNDA:1,(anonymous_8)
DA:3,14
DA:4,0
DA:7,14
DA:8,0
DA:11,14
DA:12,0
DA:15,14
DA:16,14
DA:17,14
DA:18,14
DA:19,14
DA:20,14
DA:24,1
DA:25,1
DA:26,1
DA:27,1
DA:28,1
DA:30,0
DA:35,1
DA:36,1
DA:38,0
DA:46,1
DA:47,1
DA:48,1
DA:54,1
DA:55,1
DA:56,1
DA:62,1
DA:63,1
DA:64,1
DA:70,1
DA:71,1
DA:72,1
DA:78,1
DA:79,1
DA:80,1
DA:86,1
DA:87,1
DA:88,1
LF:39
LH:34
BRDA:3,0,0,0
BRDA:3,0,1,14
BRDA:7,1,0,0
BRDA:7,1,1,14
BRDA:11,2,0,0
BRDA:11,2,1,14
BRDA:24,3,0,1
BRDA:24,3,1,0
BRDA:35,4,0,1
BRDA:35,4,1,0
BRF:10
BRH:5
end_of_record
